: hello G
: hello G
: hello G 
: hello G a
: hello G ad
: hello G add
: hello G add 
: hello G add %
: hello G add % 
: hello G add % |
: hello G add % | 
: hello G add % | G
: hello G add % | G 
: hello G add % | G c
: hello G add % | G ci
: hello G add % | G c
: hello G add % | G co
: hello G add % | G com
: hello G add % | G comm
: hello G add % | G commi
: hello G add % | G commit
: hello G add % | G commit 
: hello G add % | G commit -
: hello G add % | G commit -m
: hello G add % | G commit -m 
: hello G add % | G commit -m ;
: hello G add % | G commit -m ;;
: hello G add % | G commit -m ;
: hello G add % | G commit -m 
: hello G add % | G commit -m '
: hello G add % | G commit -m ''
: hello G add % | G commit -m 'I'
: hello G add % | G commit -m 'In'
: hello G add % | G commit -m 'Ins'
: hello G add % | G commit -m 'Insi'
: hello G add % | G commit -m 'Insic'
: hello G add % | G commit -m 'Insi'
: hello G add % | G commit -m 'Ins'
: hello G add % | G commit -m 'In'
: hello G add % | G commit -m 'Ins'
: hello G add % | G commit -m 'Insc'
: hello G add % | G commit -m 'Ins'
: hello G add % | G commit -m 'In'
: hello G add % | G commit -m 'Ind'
: hello G add % | G commit -m 'Indi'
: hello G add % | G commit -m 'Indic'
: hello G add % | G commit -m 'Indica'
: hello G add % | G commit -m 'Indicat'
: hello G add % | G commit -m 'Indicato'
: hello G add % | G commit -m 'Indicator'
: hello G add % | G commit -m 'Indicator '
: hello G add % | G commit -m 'Indicator r'
: hello G add % | G commit -m 'Indicator re'
: hello G add % | G commit -m 'Indicator rep'
: hello G add % | G commit -m 'Indicator repe'
: hello G add % | G commit -m 'Indicator repet'
: hello G add % | G commit -m 'Indicator repeti'
: hello G add % | G commit -m 'Indicator repetit'
: hello G add % | G commit -m 'Indicator repetiti'
: hello G add % | G commit -m 'Indicator repetitio'
: hello G add % | G commit -m 'Indicator repetition'
: hello G add % | G commit -m 'Indicator repetition '
: hello G add % | G commit -m 'Indicator repetition b'
: hello G add % | G commit -m 'Indicator repetition bu'
: hello G add % | G commit -m 'Indicator repetition bug'
: hello G add % | G commit -m 'Indicator repetition bug '
: hello G add % | G commit -m 'Indicator repetition bug s'
: hello G add % | G commit -m 'Indicator repetition bug si'
: hello G add % | G commit -m 'Indicator repetition bug s'
: hello G add % | G commit -m 'Indicator repetition bug '
: hello G add % | G commit -m 'Indicator repetition bug f'
: hello G add % | G commit -m 'Indicator repetition bug fi'
: hello G add % | G commit -m 'Indicator repetition bug fie'
: hello G add % | G commit -m 'Indicator repetition bug fiex'
: hello G add % | G commit -m 'Indicator repetition bug fie'
: hello G add % | G commit -m 'Indicator repetition bug fi'
: hello G add % | G commit -m 'Indicator repetition bug fix'
: hello G add % | G commit -m 'Indicator repetition bug fixe'
: hello G add % | G commit -m 'Indicator repetition bug fixed'
: hello G add % | G commit -m 'Indicator repetition bug fixed' 
: hello G add % | G commit -m 'Indicator repetition bug fixed' |
: hello G add % | G commit -m 'Indicator repetition bug fixed' | 
: hello G add % | G commit -m 'Indicator repetition bug fixed' | G
: hello G add % | G commit -m 'Indicator repetition bug fixed' | G 
: hello G add % | G commit -m 'Indicator repetition bug fixed' | G p
: hello G add % | G commit -m 'Indicator repetition bug fixed' | G pu
: hello G add % | G commit -m 'Indicator repetition bug fixed' | G pus
: hello G add % | G commit -m 'Indicator repetition bug fixed' | G push
: hello G add % | G commit -m 'Indicator repetition bug fixed' | G push
: hello G
: hello G 
: hello G p
: hello G pu
: hello G pul
: hello G pull
: hello c
: hello co
: hello con
: hello conf
: hello confi
: hello config
: hello config 
: hello config p
: hello config pu
: hello config pul
: hello config pull
: hello config pull.
: hello config pull.r
: hello config pull.re
: hello config pull.reb
: hello config pull.reba
: hello config pull.rebas
: hello config pull.rebase
: hello config pull.rebase 
: hello config pull.rebase f
: hello config pull.rebase fa
: hello config pull.rebase fal
: hello config pull.rebase fals
: hello Gconfig pull.rebase fals
: hello G config pull.rebase fals
: hello G config pull.rebase fals
: hello G pull
: hello G pull
: hello G config pull.rebase fals
: hello G config pull.rebase false
: hello G config pull.rebase false
: hello G pull
: hello q
: hello r
: hello re
: hello red
: hello redr
: hello redra
: hello redraw
: hello redraw!
: hello redraw!|
: hello redraw!|c
: hello redraw!|ca
: hello redraw!|cal
: hello redraw!|call
: hello redraw!|call 
: hello redraw!|call d
: hello redraw!|call de
: hello redraw!|call del
: hello redraw!|call dele
: hello redraw!|call delet
: hello redraw!|call delete
: hello redraw!|call delete(
: hello redraw!|call delete('
: hello redraw!|call delete('/
: hello redraw!|call delete('/t
: hello redraw!|call delete('/tm
: hello redraw!|call delete('/tmp
: hello redraw!|call delete('/tmp/
: hello redraw!|call delete('/tmp/n
: hello redraw!|call delete('/tmp/nv
: hello redraw!|call delete('/tmp/nvi
: hello redraw!|call delete('/tmp/nvim
: hello redraw!|call delete('/tmp/nvim.
: hello redraw!|call delete('/tmp/nvim.n
: hello redraw!|call delete('/tmp/nvim.ne
: hello redraw!|call delete('/tmp/nvim.new
: hello redraw!|call delete('/tmp/nvim.new_
: hello redraw!|call delete('/tmp/nvim.new_m
: hello redraw!|call delete('/tmp/nvim.new_me
: hello redraw!|call delete('/tmp/nvim.new_me/
: hello redraw!|call delete('/tmp/nvim.new_me/d
: hello redraw!|call delete('/tmp/nvim.new_me/dm
: hello redraw!|call delete('/tmp/nvim.new_me/dmp
: hello redraw!|call delete('/tmp/nvim.new_me/dmpX
: hello redraw!|call delete('/tmp/nvim.new_me/dmpX7
: hello redraw!|call delete('/tmp/nvim.new_me/dmpX7l
: hello redraw!|call delete('/tmp/nvim.new_me/dmpX7l/
: hello redraw!|call delete('/tmp/nvim.new_me/dmpX7l/8
: hello redraw!|call delete('/tmp/nvim.new_me/dmpX7l/8.
: hello redraw!|call delete('/tmp/nvim.new_me/dmpX7l/8.e
: hello redraw!|call delete('/tmp/nvim.new_me/dmpX7l/8.ed
: hello redraw!|call delete('/tmp/nvim.new_me/dmpX7l/8.edi
: hello redraw!|call delete('/tmp/nvim.new_me/dmpX7l/8.edit
: hello redraw!|call delete('/tmp/nvim.new_me/dmpX7l/8.edit'
: hello redraw!|call delete('/tmp/nvim.new_me/dmpX7l/8.edit')
: hello redraw!|call delete('/tmp/nvim.new_me/dmpX7l/8.edit')|
: hello redraw!|call delete('/tmp/nvim.new_me/dmpX7l/8.edit')|c
: hello redraw!|call delete('/tmp/nvim.new_me/dmpX7l/8.edit')|ca
: hello redraw!|call delete('/tmp/nvim.new_me/dmpX7l/8.edit')|cal
: hello redraw!|call delete('/tmp/nvim.new_me/dmpX7l/8.edit')|call
: hello redraw!|call delete('/tmp/nvim.new_me/dmpX7l/8.edit')|call 
: hello redraw!|call delete('/tmp/nvim.new_me/dmpX7l/8.edit')|call f
: hello redraw!|call delete('/tmp/nvim.new_me/dmpX7l/8.edit')|call fu
: hello redraw!|call delete('/tmp/nvim.new_me/dmpX7l/8.edit')|call fug
: hello redraw!|call delete('/tmp/nvim.new_me/dmpX7l/8.edit')|call fugi
: hello redraw!|call delete('/tmp/nvim.new_me/dmpX7l/8.edit')|call fugit
: hello redraw!|call delete('/tmp/nvim.new_me/dmpX7l/8.edit')|call fugiti
: hello redraw!|call delete('/tmp/nvim.new_me/dmpX7l/8.edit')|call fugitiv
: hello redraw!|call delete('/tmp/nvim.new_me/dmpX7l/8.edit')|call fugitive
: hello redraw!|call delete('/tmp/nvim.new_me/dmpX7l/8.edit')|call fugitive#
: hello redraw!|call delete('/tmp/nvim.new_me/dmpX7l/8.edit')|call fugitive#R
: hello redraw!|call delete('/tmp/nvim.new_me/dmpX7l/8.edit')|call fugitive#Re
: hello redraw!|call delete('/tmp/nvim.new_me/dmpX7l/8.edit')|call fugitive#Res
: hello redraw!|call delete('/tmp/nvim.new_me/dmpX7l/8.edit')|call fugitive#Resu
: hello redraw!|call delete('/tmp/nvim.new_me/dmpX7l/8.edit')|call fugitive#Resum
: hello redraw!|call delete('/tmp/nvim.new_me/dmpX7l/8.edit')|call fugitive#Resume
: hello redraw!|call delete('/tmp/nvim.new_me/dmpX7l/8.edit')|call fugitive#Resume(
: hello redraw!|call delete('/tmp/nvim.new_me/dmpX7l/8.edit')|call fugitive#Resume()
: hello redraw!|call delete('/tmp/nvim.new_me/dmpX7l/8.edit')|call fugitive#Resume()|
: hello redraw!|call delete('/tmp/nvim.new_me/dmpX7l/8.edit')|call fugitive#Resume()|c
: hello redraw!|call delete('/tmp/nvim.new_me/dmpX7l/8.edit')|call fugitive#Resume()|ch
: hello redraw!|call delete('/tmp/nvim.new_me/dmpX7l/8.edit')|call fugitive#Resume()|che
: hello redraw!|call delete('/tmp/nvim.new_me/dmpX7l/8.edit')|call fugitive#Resume()|chec
: hello redraw!|call delete('/tmp/nvim.new_me/dmpX7l/8.edit')|call fugitive#Resume()|check
: hello redraw!|call delete('/tmp/nvim.new_me/dmpX7l/8.edit')|call fugitive#Resume()|checkt
: hello redraw!|call delete('/tmp/nvim.new_me/dmpX7l/8.edit')|call fugitive#Resume()|checkti
: hello redraw!|call delete('/tmp/nvim.new_me/dmpX7l/8.edit')|call fugitive#Resume()|checktim
: hello redraw!|call delete('/tmp/nvim.new_me/dmpX7l/8.edit')|call fugitive#Resume()|checktime
: hello q
: hello G pull
: hello G config pull.rebase false
: hello G config pull.rebase fals
: hello G add % | G commit -m 'Indicator repetition bug fixed' | G push
: hello G config pull.rebase fals
: hello G config pull.rebase false
: hello G pull
: hello q
: hello G
: hello G 
: hello G p
: hello G pu
: hello G pus
: hello G push
: hello '
: hello '<
: hello '<,
: hello '<,'
: hello '<,'>
: hello '<,'>s
: hello '<,'>s/
: hello '<,'>s/t
: hello '<,'>s/tr
: hello '<,'>s/tru
: hello '<,'>s/true
: hello '<,'>s/true.
: hello '<,'>s/true
: hello '<,'>s/true/
: hello '<,'>s/true/f
: hello '<,'>s/true/fa
: hello '<,'>s/true/fas
: hello '<,'>s/true/fa
: hello '<,'>s/true/f
: hello '<,'>s/true/fa
: hello '<,'>s/true/fal
: hello '<,'>s/true/fals
: hello '<,'>s/true/false
: hello w
: hello w
: hello w
: hello w
: hello G
: hello e
: hello ex
: hello exe
: hello exec
: hello execu
: hello execut
: hello execute
: hello execute 
: hello execute <SNR>
: hello execute <SNR>5
: hello execute <SNR>54
: hello execute <SNR>54_
: hello execute <SNR>54_S
: hello execute <SNR>54_St
: hello execute <SNR>54_Sta
: hello execute <SNR>54_Stag
: hello execute <SNR>54_Stage
: hello execute <SNR>54_StageD
: hello execute <SNR>54_StageDi
: hello execute <SNR>54_StageDif
: hello execute <SNR>54_StageDiff
: hello execute <SNR>54_StageDiff(
: hello execute <SNR>54_StageDiff('
: hello execute <SNR>54_StageDiff('G
: hello execute <SNR>54_StageDiff('Gv
: hello execute <SNR>54_StageDiff('Gvd
: hello execute <SNR>54_StageDiff('Gvdi
: hello execute <SNR>54_StageDiff('Gvdif
: hello execute <SNR>54_StageDiff('Gvdiff
: hello execute <SNR>54_StageDiff('Gvdiffs
: hello execute <SNR>54_StageDiff('Gvdiffsp
: hello execute <SNR>54_StageDiff('Gvdiffspl
: hello execute <SNR>54_StageDiff('Gvdiffspli
: hello execute <SNR>54_StageDiff('Gvdiffsplit
: hello execute <SNR>54_StageDiff('Gvdiffsplit'
: hello execute <SNR>54_StageDiff('Gvdiffsplit')
: hello G
: hello G 
: hello G a
: hello G ad
: hello G add
: hello G add 
: hello G add .
: hello G add . 
: hello G add . |
: hello G add . | 
: hello G add . | F
: hello G add . | F 
: hello G add . | F
: hello G add . | 
: hello G add . | G
: hello G add . | G 
: hello G add . | G c
: hello G add . | G co
: hello G add . | G com
: hello G add . | G comm
: hello G add . | G commi
: hello G add . | G commit
: hello G add . | G commit 
: hello G add . | G commit -
: hello G add . | G commit -m
: hello G add . | G commit -m 
: hello G add . | G commit -m '
: hello G add . | G commit -m ''
: hello G add . | G commit -m 'i'
: hello G add . | G commit -m 'in'
: hello G add . | G commit -m 'ini'
: hello G add . | G commit -m 'inid'
: hello G add . | G commit -m 'inidc'
: hello G add . | G commit -m 'inidca'
: hello G add . | G commit -m 'inidcat'
: hello G add . | G commit -m 'inidcato'
: hello G add . | G commit -m 'inidcator'
: hello G add . | G commit -m 'inidcator '
: hello G add . | G commit -m 'inidcator e'
: hello G add . | G commit -m 'inidcator ev'
: hello G add . | G commit -m 'inidcator eve'
: hello G add . | G commit -m 'inidcator even'
: hello G add . | G commit -m 'inidcator event'
: hello G add . | G commit -m 'inidcator event '
: hello G add . | G commit -m 'inidcator event n'
: hello G add . | G commit -m 'inidcator event no'
: hello G add . | G commit -m 'inidcator event not'
: hello G add . | G commit -m 'inidcator event notf'
: hello G add . | G commit -m 'inidcator event notfu'
: hello G add . | G commit -m 'inidcator event notfu='
: hello G add . | G commit -m 'inidcator event notfu=y'
: hello G add . | G commit -m 'inidcator event notfu=y '
: hello G add . | G commit -m 'inidcator event notfu=y'
: hello G add . | G commit -m 'inidcator event notfu='
: hello G add . | G commit -m 'inidcator event notfu'
: hello G add . | G commit -m 'inidcator event notf'
: hello G add . | G commit -m 'inidcator event not'
: hello G add . | G commit -m 'inidcator event noti'
: hello G add . | G commit -m 'inidcator event notif'
: hello G add . | G commit -m 'inidcator event notifi'
: hello G add . | G commit -m 'inidcator event notific'
: hello G add . | G commit -m 'inidcator event notifica'
: hello G add . | G commit -m 'inidcator event notificat'
: hello G add . | G commit -m 'inidcator event notificati'
: hello G add . | G commit -m 'inidcator event notificatio'
: hello G add . | G commit -m 'inidcator event notification'
: hello G add . | G commit -m 'inidcator event notification '
: hello G add . | G commit -m 'inidcator event notification m'
: hello G add . | G commit -m 'inidcator event notification me'
: hello G add . | G commit -m 'inidcator event notification mes'
: hello G add . | G commit -m 'inidcator event notification mess'
: hello G add . | G commit -m 'inidcator event notification messa'
: hello G add . | G commit -m 'inidcator event notification messag'
: hello G add . | G commit -m 'inidcator event notification message'
: hello G add . | G commit -m 'inidcator event notification messag'
: hello G add . | G commit -m 'inidcator event notification messa'
: hello G add . | G commit -m 'inidcator event notification mess'
: hello G add . | G commit -m 'inidcator event notification mes'
: hello G add . | G commit -m 'inidcator event notification me'
: hello G add . | G commit -m 'inidcator event notification m'
: hello G add . | G commit -m 'inidcator event notification '
: hello G add . | G commit -m 'inidcator event notification f'
: hello G add . | G commit -m 'inidcator event notification fu'
: hello G add . | G commit -m 'inidcator event notification fun'
: hello G add . | G commit -m 'inidcator event notification func'
: hello G add . | G commit -m 'inidcator event notification funct'
: hello G add . | G commit -m 'inidcator event notification functi'
: hello G add . | G commit -m 'inidcator event notification functio'
: hello G add . | G commit -m 'inidcator event notification function'
: hello G add . | G commit -m 'inidcator event notification functiona'
: hello G add . | G commit -m 'inidcator event notification functional'
: hello G add . | G commit -m 'inidcator event notification functionali'
: hello G add . | G commit -m 'inidcator event notification functionalit'
: hello G add . | G commit -m 'inidcator event notification functionality'
: hello G add . | G commit -m 'inidcator event notification functionality '
: hello G add . | G commit -m 'inidcator event notification functionality f'
: hello G add . | G commit -m 'inidcator event notification functionality fi'
: hello G add . | G commit -m 'inidcator event notification functionality fix'
: hello G add . | G commit -m 'inidcator event notification functionality fix' 
: hello G add . | G commit -m 'inidcator event notification functionality fix' |
: hello G add . | G commit -m 'inidcator event notification functionality fix' | 
: hello G add . | G commit -m 'inidcator event notification functionality fix' | G
: hello G add . | G commit -m 'inidcator event notification functionality fix' | G 
: hello G add . | G commit -m 'inidcator event notification functionality fix' | G p
: hello G add . | G commit -m 'inidcator event notification functionality fix' | G pu
: hello G add . | G commit -m 'inidcator event notification functionality fix' | G pus
: hello G add . | G commit -m 'inidcator event notification functionality fix' | G push
